2025-03-27 12:47:55 - 
=== Starting SREQ Coverage Request ===
2025-03-27 12:47:55 - Time: 2025-03-27 12:47:55
2025-03-27 12:47:55 - URL: https://iocore2-ciav.ivv.ncia.nato.int/api/coverage/test-case-coverage/Get-Requirement-Coverage
2025-03-27 12:51:14 - Request Headers:
2025-03-27 12:51:14 - User-Agent: python-requests/2.32.3
2025-03-27 12:51:14 - Accept-Encoding: gzip, deflate
2025-03-27 12:51:14 - Accept: */*
2025-03-27 12:51:14 - Connection: keep-alive
2025-03-27 12:51:14 - Keep-Alive: timeout=600, max=1000
2025-03-27 12:51:14 - Received 20 chunks (0.14 MB) in 0.01 seconds (13.06 MB/s)
2025-03-27 12:51:14 - Received 40 chunks (0.29 MB) in 0.02 seconds (12.83 MB/s)
2025-03-27 12:51:14 - Received 60 chunks (0.45 MB) in 0.04 seconds (12.60 MB/s)
2025-03-27 12:51:14 - Received 80 chunks (0.61 MB) in 0.05 seconds (13.46 MB/s)
2025-03-27 12:51:14 - Received 100 chunks (0.76 MB) in 0.05 seconds (14.69 MB/s)
2025-03-27 12:51:14 - Received 120 chunks (0.92 MB) in 0.06 seconds (14.76 MB/s)
2025-03-27 12:51:14 - Received 140 chunks (1.07 MB) in 0.07 seconds (15.17 MB/s)
2025-03-27 12:51:14 - Received 160 chunks (1.23 MB) in 0.08 seconds (16.23 MB/s)
2025-03-27 12:51:14 - Received 180 chunks (1.39 MB) in 0.09 seconds (16.26 MB/s)
2025-03-27 12:51:14 - Received 200 chunks (1.54 MB) in 0.09 seconds (16.90 MB/s)
2025-03-27 12:51:14 - Received 220 chunks (1.70 MB) in 0.10 seconds (17.27 MB/s)
2025-03-27 12:51:14 - Received 240 chunks (1.86 MB) in 0.10 seconds (18.14 MB/s)
2025-03-27 12:51:14 - Received 260 chunks (2.01 MB) in 0.11 seconds (18.54 MB/s)
2025-03-27 12:51:14 - Received 280 chunks (2.17 MB) in 0.11 seconds (19.24 MB/s)
2025-03-27 12:51:14 - Received 300 chunks (2.32 MB) in 0.12 seconds (19.56 MB/s)
2025-03-27 12:51:14 - 
Response Headers:
2025-03-27 12:51:14 - Date: Thu, 27 Mar 2025 12:51:14 GMT
2025-03-27 12:51:14 - Content-Type: application/json; charset=utf-8
2025-03-27 12:51:14 - Transfer-Encoding: chunked
2025-03-27 12:51:14 - Connection: keep-alive
2025-03-27 12:51:14 - Cache-Control: private
2025-03-27 12:51:14 - Strict-Transport-Security: max-age=5184000; includeSubDomains
2025-03-27 12:51:14 - X-Permitted-Cross-Domain-Policies: none
2025-03-27 12:51:14 - Referrer-Policy: no-referrer
2025-03-27 12:51:14 - X-Content-Type-Options: nosniff
2025-03-27 12:51:14 - X-Robots-Tag: noindex, nofollow
2025-03-27 12:51:14 - X-XSS-Protection: 1; mode=block
2025-03-27 12:51:14 - X-Frame-Options: sameorigin
2025-03-27 12:51:14 - Content-Security-Policy: default-src 'self'; style-src 'self' 'unsafe-inline'; font-src 'self' data:; script-src 'self' 'unsafe-inline' 'unsafe-eval'; worker-src blob:; img-src 'self' blob: data:
2025-03-27 12:51:14 - 
Transfer Statistics:
2025-03-27 12:51:14 - Total size: 2.42 MB
2025-03-27 12:51:14 - Total chunks: 312
2025-03-27 12:51:14 - Average chunk size: 7.93 KB
2025-03-27 12:51:14 - Average transfer rate: 0.01 MB/s
2025-03-27 12:51:14 - 
=== IOCore2 API Call Details ===
2025-03-27 12:51:14 - URL: https://iocore2-ciav.ivv.ncia.nato.int/api/coverage/test-case-coverage/Get-Requirement-Coverage
2025-03-27 12:51:14 - Start Time: 2025-03-27 12:47:55
2025-03-27 12:51:14 - End Time: 2025-03-27 12:51:14
2025-03-27 12:51:14 - Duration: 198.80 seconds
2025-03-27 12:51:14 - Status Code: 200
2025-03-27 12:51:14 - Content-Type: application/json; charset=utf-8
2025-03-27 12:51:14 - Response Length: 2534941 characters
2025-03-27 12:51:14 - Response successfully parsed as JSON
2025-03-27 12:51:14 - Parsing response as JSON
2025-03-27 12:51:14 - Writing JSON to /home/iocore/IONIC2/static/SREQ.json
2025-03-27 12:51:14 - Processing data for markdown
2025-03-27 12:51:14 - Writing markdown to /home/iocore/IONIC2/static/SREQ.md
2025-03-27 12:51:14 - Total operation completed in 198.90 seconds
2025-03-27 13:24:18 - 
=== Starting IER Coverage Request ===
2025-03-27 13:24:18 - Time: 2025-03-27 13:24:18
2025-03-27 13:24:18 - URL: https://iocore2-ciav.ivv.ncia.nato.int/api/coverage/test-case-coverage/Get-Ier-Coverage
2025-03-27 13:24:33 - Starting to read response chunks...
2025-03-27 13:24:33 - 
Initial Response Info:
2025-03-27 13:24:33 - Status Code: 200
2025-03-27 13:24:33 - Headers:
2025-03-27 13:24:33 - Date: Thu, 27 Mar 2025 13:24:33 GMT
2025-03-27 13:24:33 - Content-Type: application/json; charset=utf-8
2025-03-27 13:24:33 - Transfer-Encoding: chunked
2025-03-27 13:24:33 - Connection: keep-alive
2025-03-27 13:24:33 - Cache-Control: private
2025-03-27 13:24:33 - Strict-Transport-Security: max-age=5184000; includeSubDomains
2025-03-27 13:24:33 - X-Permitted-Cross-Domain-Policies: none
2025-03-27 13:24:33 - Referrer-Policy: no-referrer
2025-03-27 13:24:33 - X-Content-Type-Options: nosniff
2025-03-27 13:24:33 - X-Robots-Tag: noindex, nofollow
2025-03-27 13:24:33 - X-XSS-Protection: 1; mode=block
2025-03-27 13:24:33 - X-Frame-Options: sameorigin
2025-03-27 13:24:33 - Content-Security-Policy: default-src 'self'; style-src 'self' 'unsafe-inline'; font-src 'self' data:; script-src 'self' 'unsafe-inline' 'unsafe-eval'; worker-src blob:; img-src 'self' blob: data:
2025-03-27 13:24:33 - Received 20 chunks (0.15 MB) in 0.03 seconds (5.46 MB/s)
2025-03-27 13:24:33 - 
Transfer Statistics:
2025-03-27 13:24:33 - Total size: 0.18 MB
2025-03-27 13:24:33 - Total chunks: 24
2025-03-27 13:24:33 - Average chunk size: 7.57 KB
2025-03-27 13:24:33 - Average transfer rate: 0.01 MB/s
2025-03-27 13:24:33 - 
=== IOCore2 API Call Details ===
2025-03-27 13:24:33 - URL: https://iocore2-ciav.ivv.ncia.nato.int/api/coverage/test-case-coverage/Get-Ier-Coverage
2025-03-27 13:24:33 - Start Time: 2025-03-27 13:24:18
2025-03-27 13:24:33 - End Time: 2025-03-27 13:24:33
2025-03-27 13:24:33 - Duration: 14.91 seconds
2025-03-27 13:24:33 - Status Code: 200
2025-03-27 13:24:33 - 
Response Headers:
2025-03-27 13:24:33 - Date: Thu, 27 Mar 2025 13:24:33 GMT
2025-03-27 13:24:33 - Content-Type: application/json; charset=utf-8
2025-03-27 13:24:33 - Transfer-Encoding: chunked
2025-03-27 13:24:33 - Connection: keep-alive
2025-03-27 13:24:33 - Cache-Control: private
2025-03-27 13:24:33 - Strict-Transport-Security: max-age=5184000; includeSubDomains
2025-03-27 13:24:33 - X-Permitted-Cross-Domain-Policies: none
2025-03-27 13:24:33 - Referrer-Policy: no-referrer
2025-03-27 13:24:33 - X-Content-Type-Options: nosniff
2025-03-27 13:24:33 - X-Robots-Tag: noindex, nofollow
2025-03-27 13:24:33 - X-XSS-Protection: 1; mode=block
2025-03-27 13:24:33 - X-Frame-Options: sameorigin
2025-03-27 13:24:33 - Content-Security-Policy: default-src 'self'; style-src 'self' 'unsafe-inline'; font-src 'self' data:; script-src 'self' 'unsafe-inline' 'unsafe-eval'; worker-src blob:; img-src 'self' blob: data:
2025-03-27 13:24:33 - 
Content-Type: application/json; charset=utf-8
2025-03-27 13:24:33 - Response Length: 186019 characters
2025-03-27 13:24:33 - Response successfully parsed as JSON
2025-03-27 13:24:33 - Parsing response as JSON
2025-03-27 13:24:33 - Writing JSON to /home/iocore/IONIC2/static/IER.json
2025-03-27 13:24:33 - Processing data for markdown
2025-03-27 13:24:33 - Writing markdown to /home/iocore/IONIC2/static/IER.md
2025-03-27 13:24:33 - Total operation completed in 14.92 seconds
2025-03-27 13:24:39 - 
=== Starting SREQ Coverage Request ===
2025-03-27 13:24:39 - Time: 2025-03-27 13:24:39
2025-03-27 13:24:39 - URL: https://iocore2-ciav.ivv.ncia.nato.int/api/coverage/test-case-coverage/Get-Requirement-Coverage
2025-03-27 13:27:51 - Starting to read response chunks...
2025-03-27 13:27:51 - 
Initial Response Info:
2025-03-27 13:27:51 - Status Code: 200
2025-03-27 13:27:51 - Headers:
2025-03-27 13:27:51 - Date: Thu, 27 Mar 2025 13:27:51 GMT
2025-03-27 13:27:51 - Content-Type: application/json; charset=utf-8
2025-03-27 13:27:51 - Transfer-Encoding: chunked
2025-03-27 13:27:51 - Connection: keep-alive
2025-03-27 13:27:51 - Cache-Control: private
2025-03-27 13:27:51 - Strict-Transport-Security: max-age=5184000; includeSubDomains
2025-03-27 13:27:51 - X-Permitted-Cross-Domain-Policies: none
2025-03-27 13:27:51 - Referrer-Policy: no-referrer
2025-03-27 13:27:51 - X-Content-Type-Options: nosniff
2025-03-27 13:27:51 - X-Robots-Tag: noindex, nofollow
2025-03-27 13:27:51 - X-XSS-Protection: 1; mode=block
2025-03-27 13:27:51 - X-Frame-Options: sameorigin
2025-03-27 13:27:51 - Content-Security-Policy: default-src 'self'; style-src 'self' 'unsafe-inline'; font-src 'self' data:; script-src 'self' 'unsafe-inline' 'unsafe-eval'; worker-src blob:; img-src 'self' blob: data:
2025-03-27 13:27:51 - Received 20 chunks (0.15 MB) in 0.01 seconds (13.94 MB/s)
2025-03-27 13:27:51 - Received 40 chunks (0.30 MB) in 0.02 seconds (15.23 MB/s)
2025-03-27 13:27:51 - Received 60 chunks (0.45 MB) in 0.03 seconds (13.74 MB/s)
2025-03-27 13:27:51 - Received 80 chunks (0.61 MB) in 0.04 seconds (14.21 MB/s)
2025-03-27 13:27:51 - Received 100 chunks (0.76 MB) in 0.05 seconds (15.72 MB/s)
2025-03-27 13:27:51 - Received 120 chunks (0.92 MB) in 0.06 seconds (16.30 MB/s)
2025-03-27 13:27:51 - Received 140 chunks (1.08 MB) in 0.06 seconds (16.79 MB/s)
2025-03-27 13:27:51 - Received 160 chunks (1.23 MB) in 0.07 seconds (17.70 MB/s)
2025-03-27 13:27:51 - Received 180 chunks (1.39 MB) in 0.08 seconds (17.74 MB/s)
2025-03-27 13:27:51 - Received 200 chunks (1.55 MB) in 0.09 seconds (17.90 MB/s)
2025-03-27 13:27:51 - Received 220 chunks (1.70 MB) in 0.09 seconds (18.15 MB/s)
2025-03-27 13:27:51 - Received 240 chunks (1.86 MB) in 0.10 seconds (18.40 MB/s)
2025-03-27 13:27:51 - Received 260 chunks (2.01 MB) in 0.11 seconds (18.77 MB/s)
2025-03-27 13:27:51 - Received 280 chunks (2.17 MB) in 0.11 seconds (19.04 MB/s)
2025-03-27 13:27:51 - Received 300 chunks (2.33 MB) in 0.12 seconds (19.38 MB/s)
2025-03-27 13:27:51 - 
Transfer Statistics:
2025-03-27 13:27:51 - Total size: 2.42 MB
2025-03-27 13:27:51 - Total chunks: 312
2025-03-27 13:27:51 - Average chunk size: 7.93 KB
2025-03-27 13:27:51 - Average transfer rate: 0.01 MB/s
2025-03-27 13:27:51 - 
=== IOCore2 API Call Details ===
2025-03-27 13:27:51 - URL: https://iocore2-ciav.ivv.ncia.nato.int/api/coverage/test-case-coverage/Get-Requirement-Coverage
2025-03-27 13:27:51 - Start Time: 2025-03-27 13:24:39
2025-03-27 13:27:51 - End Time: 2025-03-27 13:27:51
2025-03-27 13:27:51 - Duration: 192.16 seconds
2025-03-27 13:27:51 - Status Code: 200
2025-03-27 13:27:51 - 
Response Headers:
2025-03-27 13:27:51 - Date: Thu, 27 Mar 2025 13:27:51 GMT
2025-03-27 13:27:51 - Content-Type: application/json; charset=utf-8
2025-03-27 13:27:51 - Transfer-Encoding: chunked
2025-03-27 13:27:51 - Connection: keep-alive
2025-03-27 13:27:51 - Cache-Control: private
2025-03-27 13:27:51 - Strict-Transport-Security: max-age=5184000; includeSubDomains
2025-03-27 13:27:51 - X-Permitted-Cross-Domain-Policies: none
2025-03-27 13:27:51 - Referrer-Policy: no-referrer
2025-03-27 13:27:51 - X-Content-Type-Options: nosniff
2025-03-27 13:27:51 - X-Robots-Tag: noindex, nofollow
2025-03-27 13:27:51 - X-XSS-Protection: 1; mode=block
2025-03-27 13:27:51 - X-Frame-Options: sameorigin
2025-03-27 13:27:51 - Content-Security-Policy: default-src 'self'; style-src 'self' 'unsafe-inline'; font-src 'self' data:; script-src 'self' 'unsafe-inline' 'unsafe-eval'; worker-src blob:; img-src 'self' blob: data:
2025-03-27 13:27:51 - 
Content-Type: application/json; charset=utf-8
2025-03-27 13:27:51 - Response Length: 2534941 characters
2025-03-27 13:27:51 - Response successfully parsed as JSON
2025-03-27 13:27:51 - Parsing response as JSON
2025-03-27 13:27:51 - Writing JSON to /home/iocore/IONIC2/static/SREQ.json
2025-03-27 13:27:51 - Processing data for markdown
2025-03-27 13:27:51 - Writing markdown to /home/iocore/IONIC2/static/SREQ.md
2025-03-27 13:27:51 - Total operation completed in 192.26 seconds
